<?xml version="1.0" encoding="UTF-8"?>
<testsuite xmlns:xsi="http://www.w3.org/2001/XMLSchema-instance" xsi:noNamespaceSchemaLocation="https://maven.apache.org/surefire/maven-surefire-plugin/xsd/surefire-test-report-3.0.xsd" version="3.0" name="praktikum.UserRegistrationTest" time="14.861" tests="2" errors="0" skipped="0" failures="0">
  <properties>
[...]
</properties>
  <testcase name="registerInvalidUser" classname="praktikum.UserRegistrationTest" time="5.485"/>
  <testcase name="registerValidUser" classname="praktikum.UserRegistrationTest" time="9.374"/>
</testsuite>